<?xml version="1.0" encoding="UTF-8"?>
<testsuite name="WeatherChecks" tests="3" skipped="0" failures="0" errors="0" timestamp="2019-10-08T19:00:37" hostname="MacBook-Pro-Artem.local" time="0.576">
  <properties/>
  <testcase name="checkOffset" classname="WeatherChecks" time="0.503"/>
  <testcase name="checkLat" classname="WeatherChecks" time="0.037"/>
  <testcase name="checkLon" classname="WeatherChecks" time="0.036"/>
  <system-out><![CDATA[]]></system-out>
  <system-err><![CDATA[]]></system-err>
</testsuite>
